Camera2Raw/Application/build/outputs/logs/manifest-merger-debug-report.txt
-- Merging decision tree log ---
manifest
ADDED from AndroidManifest.xml:18:1
	xmlns:android
		ADDED from AndroidManifest.xml:18:11
	package
		ADDED from AndroidManifest.xml:19:5
	android:versionName
		ADDED from AndroidManifest.xml:21:5
	android:versionCode
		ADDED from AndroidManifest.xml:20:5
		INJECTED from AndroidManifest.xml:0:0
		INJECTED from AndroidManifest.xml:0:0
uses-permission#android.permission.CAMERA
ADDED from AndroidManifest.xml:24:5
	android:name
		ADDED from AndroidManifest.xml:24:22
uses-permission#android.permission.WRITE_EXTERNAL_STORAGE
ADDED from AndroidManifest.xml:25:5
	android:name
		ADDED from AndroidManifest.xml:25:22
uses-permission#android.permission.READ_EXTERNAL_STORAGE
ADDED from AndroidManifest.xml:26:5
	android:name
		ADDED from AndroidManifest.xml:26:22
uses-feature#android.hardware.camera
ADDED from AndroidManifest.xml:29:5
	android:name
		ADDED from AndroidManifest.xml:29:19
uses-feature#android.hardware.camera.raw
ADDED from AndroidManifest.xml:30:5
	android:name
		ADDED from AndroidManifest.xml:30:19
application
ADDED from AndroidManifest.xml:32:5
MERGED from com.android.support:support-v4:23.0.0:22:5
MERGED from com.android.support:support-v13:23.0.0:22:5
MERGED from com.android.support:support-v4:23.0.0:22:5
MERGED from com.android.support:cardview-v7:23.0.0:22:5
MERGED from com.android.support:appcompat-v7:23.0.0:22:5
MERGED from com.android.support:support-v4:23.0.0:22:5
	android:label
		ADDED from AndroidManifest.xml:33:9
	android:allowBackup
		ADDED from AndroidManifest.xml:32:18
	android:icon
		ADDED from AndroidManifest.xml:34:9
	android:theme
		ADDED from AndroidManifest.xml:35:9
activity#com.example.android.camera2raw.CameraActivity
ADDED from AndroidManifest.xml:37:9
	android:label
		ADDED from AndroidManifest.xml:38:19
	android:name
		ADDED from AndroidManifest.xml:37:19
intent-filter#android.intent.action.MAIN+android.intent.category.LAUNCHER
ADDED from AndroidManifest.xml:39:13
action#android.intent.action.MAIN
ADDED from AndroidManifest.xml:40:17
	android:name
		ADDED from AndroidManifest.xml:40:25
category#android.intent.category.LAUNCHER
ADDED from AndroidManifest.xml:41:17
	android:name
		ADDED from AndroidManifest.xml:41:27
uses-sdk
INJECTED from AndroidManifest.xml:0:0 reason: use-sdk injection requested
MERGED from com.android.support:support-v4:23.0.0:20:5
MERGED from com.android.support:support-v13:23.0.0:20:5
MERGED from com.android.support:support-v4:23.0.0:20:5
MERGED from com.android.support:cardview-v7:23.0.0:20:5
MERGED from com.android.support:appcompat-v7:23.0.0:20:5
MERGED from com.android.support:support-v4:23.0.0:20:5
	android:targetSdkVersion
		INJECTED from AndroidManifest.xml:0:0
		INJECTED from AndroidManifest.xml:0:0
	android:minSdkVersion
		INJECTED from AndroidManifest.xml:0:0
		INJECTED from AndroidManifest.xml:0:0